{"contracts\\NftMarketplace.sol":{"l":{"48":21,"49":21,"50":21,"51":3,"52":18,"60":14,"61":1,"62":13,"70":11,"71":3,"72":8,"107":12,"108":0,"109":12,"111":12,"112":1,"114":11,"115":11,"130":4,"131":4,"132":1,"134":3,"135":3,"137":3,"138":3,"155":2,"156":2,"175":2,"176":2,"183":2,"184":2,"185":1,"186":1,"188":1,"189":1,"190":0,"204":4,"216":1},"path":"C:\\DISK W\\Blockchain Course\\NFT Marketplace\\Hardhat Smart Contract\\contracts\\NftMarketplace.sol","s":{"1":21,"2":21,"3":21,"4":14,"5":11,"6":12,"7":12,"8":12,"9":11,"10":11,"11":4,"12":4,"13":3,"14":3,"15":3,"16":2,"17":2,"18":2,"19":2,"20":2,"21":1,"22":1,"23":1,"24":4,"25":1},"b":{"1":[3,18],"2":[1,13],"3":[3,8],"4":[0,12],"5":[1,11],"6":[1,3],"7":[1,1],"8":[0,1]},"f":{"1":21,"2":14,"3":11,"4":12,"5":4,"6":2,"7":2,"8":2,"9":4,"10":1},"fnMap":{"1":{"name":"isNftOwner","line":42,"loc":{"start":{"line":42,"column":4},"end":{"line":53,"column":4}}},"2":{"name":"notListed","line":55,"loc":{"start":{"line":55,"column":4},"end":{"line":63,"column":4}}},"3":{"name":"isListed","line":65,"loc":{"start":{"line":65,"column":4},"end":{"line":73,"column":4}}},"4":{"name":"listItem","line":105,"loc":{"start":{"line":91,"column":4},"end":{"line":116,"column":4}}},"5":{"name":"buyItem","line":126,"loc":{"start":{"line":118,"column":4},"end":{"line":139,"column":4}}},"6":{"name":"cancelItem","line":153,"loc":{"start":{"line":141,"column":4},"end":{"line":157,"column":4}}},"7":{"name":"updateListing","line":173,"loc":{"start":{"line":159,"column":4},"end":{"line":177,"column":4}}},"8":{"name":"withdrawProceeds","line":180,"loc":{"start":{"line":179,"column":4},"end":{"line":192,"column":4}}},"9":{"name":"getListings","line":194,"loc":{"start":{"line":194,"column":4},"end":{"line":205,"column":4}}},"10":{"name":"getProceeds","line":207,"loc":{"start":{"line":207,"column":4},"end":{"line":217,"column":4}}}},"statementMap":{"1":{"start":{"line":48,"column":8},"end":{"line":48,"column":41}},"2":{"start":{"line":49,"column":8},"end":{"line":49,"column":44}},"3":{"start":{"line":50,"column":8},"end":{"line":50,"column":1245}},"4":{"start":{"line":60,"column":8},"end":{"line":60,"column":1450}},"5":{"start":{"line":70,"column":8},"end":{"line":70,"column":1672}},"6":{"start":{"line":107,"column":8},"end":{"line":107,"column":2418}},"7":{"start":{"line":109,"column":8},"end":{"line":109,"column":41}},"8":{"start":{"line":111,"column":8},"end":{"line":111,"column":2537}},"9":{"start":{"line":114,"column":8},"end":{"line":114,"column":67}},"10":{"start":{"line":115,"column":8},"end":{"line":115,"column":63}},"11":{"start":{"line":130,"column":8},"end":{"line":130,"column":67}},"12":{"start":{"line":131,"column":8},"end":{"line":131,"column":3078}},"13":{"start":{"line":134,"column":8},"end":{"line":134,"column":49}},"14":{"start":{"line":137,"column":8},"end":{"line":137,"column":83}},"15":{"start":{"line":138,"column":8},"end":{"line":138,"column":74}},"16":{"start":{"line":156,"column":8},"end":{"line":156,"column":59}},"17":{"start":{"line":175,"column":8},"end":{"line":175,"column":55}},"18":{"start":{"line":176,"column":8},"end":{"line":176,"column":66}},"19":{"start":{"line":183,"column":8},"end":{"line":183,"column":49}},"20":{"start":{"line":184,"column":8},"end":{"line":184,"column":4393}},"21":{"start":{"line":186,"column":8},"end":{"line":186,"column":33}},"22":{"start":{"line":188,"column":8},"end":{"line":188,"column":72}},"23":{"start":{"line":189,"column":8},"end":{"line":189,"column":4572}},"24":{"start":{"line":204,"column":8},"end":{"line":204,"column":46}},"25":{"start":{"line":216,"column":8},"end":{"line":216,"column":33}}},"branchMap":{"1":{"line":50,"type":"if","locations":[{"start":{"line":50,"column":8},"end":{"line":50,"column":8}},{"start":{"line":50,"column":8},"end":{"line":50,"column":8}}]},"2":{"line":60,"type":"if","locations":[{"start":{"line":60,"column":8},"end":{"line":60,"column":8}},{"start":{"line":60,"column":8},"end":{"line":60,"column":8}}]},"3":{"line":70,"type":"if","locations":[{"start":{"line":70,"column":8},"end":{"line":70,"column":8}},{"start":{"line":70,"column":8},"end":{"line":70,"column":8}}]},"4":{"line":107,"type":"if","locations":[{"start":{"line":107,"column":8},"end":{"line":107,"column":8}},{"start":{"line":107,"column":8},"end":{"line":107,"column":8}}]},"5":{"line":111,"type":"if","locations":[{"start":{"line":111,"column":8},"end":{"line":111,"column":8}},{"start":{"line":111,"column":8},"end":{"line":111,"column":8}}]},"6":{"line":131,"type":"if","locations":[{"start":{"line":131,"column":8},"end":{"line":131,"column":8}},{"start":{"line":131,"column":8},"end":{"line":131,"column":8}}]},"7":{"line":184,"type":"if","locations":[{"start":{"line":184,"column":8},"end":{"line":184,"column":8}},{"start":{"line":184,"column":8},"end":{"line":184,"column":8}}]},"8":{"line":189,"type":"if","locations":[{"start":{"line":189,"column":8},"end":{"line":189,"column":8}},{"start":{"line":189,"column":8},"end":{"line":189,"column":8}}]}}},"contracts\\test\\BasicNFT.sol":{"l":{"27":0,"33":19,"34":19,"43":0},"path":"C:\\DISK W\\Blockchain Course\\NFT Marketplace\\Hardhat Smart Contract\\contracts\\test\\BasicNFT.sol","s":{"1":0,"2":19,"3":0},"b":{},"f":{"1":3,"2":0,"3":19,"4":0},"fnMap":{"1":{"name":"constructor","line":13,"loc":{"start":{"line":12,"column":4},"end":{"line":16,"column":4}}},"2":{"name":"tokenURI","line":18,"loc":{"start":{"line":18,"column":4},"end":{"line":28,"column":4}}},"3":{"name":"mintNft","line":30,"loc":{"start":{"line":30,"column":4},"end":{"line":35,"column":4}}},"4":{"name":"getTokenCounter","line":37,"loc":{"start":{"line":37,"column":4},"end":{"line":44,"column":4}}}},"statementMap":{"1":{"start":{"line":27,"column":8},"end":{"line":27,"column":24}},"2":{"start":{"line":33,"column":8},"end":{"line":33,"column":48}},"3":{"start":{"line":43,"column":8},"end":{"line":43,"column":29}}},"branchMap":{}}}